<?xml version="1.0" encoding="UTF-8"?>
<!-- Generated by org.testng.reporters.JUnitReportReporter -->
<testsuite hostname="sriharsha-PC" failures="0" tests="1" name="ObjectReposetory.verifyProductTest" time="18.988" errors="0" timestamp="27 Dec 2018 06:00:41 GMT">
  <testcase classname="ObjectReposetory.verifyProductTest" name="createproduct" time="18.988"/>
</testsuite> <!-- ObjectReposetory.verifyProductTest -->
