<?xml version="1.0" encoding="UTF-8"?>
<!-- Generated by org.testng.reporters.JUnitReportReporter -->
<testsuite hostname="sriharsha-PC" failures="0" tests="1" name="ObjectReposetory.verifyQuoteTestPage" time="19.371" errors="0" timestamp="27 Dec 2018 06:00:41 GMT">
  <testcase classname="ObjectReposetory.verifyQuoteTestPage" name="createQuote" time="19.371"/>
</testsuite> <!-- ObjectReposetory.verifyQuoteTestPage -->
