<?xml version="1.0" encoding="UTF-8"?>
<!-- Generated by org.testng.reporters.JUnitReportReporter -->
<testsuite hostname="sriharsha-PC" failures="0" tests="1" name="Pravakar.MahindraDropdownTest" time="28.094" errors="0" timestamp="2 Jan 2019 19:41:59 GMT">
  <testcase classname="Pravakar.MahindraDropdownTest" name="Secondcase" time="28.094"/>
</testsuite> <!-- Pravakar.MahindraDropdownTest -->
