<?xml version="1.0" encoding="UTF-8"?>
<!-- Generated by org.testng.reporters.JUnitReportReporter -->
<testsuite hostname="sriharsha-PC" failures="0" tests="1" name="ObjectReposetory.verifyCreateContact" time="27.359" errors="0" timestamp="8 Feb 2019 07:02:09 GMT">
  <testcase classname="ObjectReposetory.verifyCreateContact" name="CreateContact" time="27.359"/>
</testsuite> <!-- ObjectReposetory.verifyCreateContact -->
